<?xml version="1.0" encoding="UTF-8"?>
<testsuite name="com.acc.testcases.ControllerMockMVCTest" time="0" tests="9" errors="0" skipped="9" failures="0">
  <properties>
    <property name="java.runtime.name" value="Java(TM) SE Runtime Environment"/>
    <property name="sun.boot.library.path" value="C:\Program Files (x86)\Java\jdk1.8.0_71\jre\bin"/>
    <property name="java.vm.version" value="25.71-b15"/>
    <property name="java.vm.vendor" value="Oracle Corporation"/>
    <property name="java.vendor.url" value="http://java.oracle.com/"/>
    <property name="path.separator" value=";"/>
    <property name="guice.disable.misplaced.annotation.check" value="true"/>
    <property name="java.vm.name" value="Java HotSpot(TM) Client VM"/>
    <property name="file.encoding.pkg" value="sun.io"/>
    <property name="user.script" value=""/>
    <property name="user.country" value="US"/>
    <property name="sun.java.launcher" value="SUN_STANDARD"/>
    <property name="sun.os.patch.level" value=""/>
    <property name="java.vm.specification.name" value="Java Virtual Machine Specification"/>
    <property name="user.dir" value="C:\Users\ahmar.akhtar.sharif\Desktop\workspace-practice-4\MicroService"/>
    <property name="java.runtime.version" value="1.8.0_71-b15"/>
    <property name="java.awt.graphicsenv" value="sun.awt.Win32GraphicsEnvironment"/>
    <property name="java.endorsed.dirs" value="C:\Program Files (x86)\Java\jdk1.8.0_71\jre\lib\endorsed"/>
    <property name="os.arch" value="x86"/>
    <property name="java.io.tmpdir" value="C:\Users\AHMARA~1.SHA\AppData\Local\Temp\"/>
    <property name="line.separator" value="&#10;"/>
    <property name="java.vm.specification.vendor" value="Oracle Corporation"/>
    <property name="user.variant" value=""/>
    <property name="os.name" value="Windows 10"/>
    <property name="classworlds.conf" value="C:\Users\ahmar.akhtar.sharif\Desktop\workspace-practice-4\.metadata\.plugins\org.eclipse.m2e.launching\launches\m2conf2042768454438384333.tmp"/>
    <property name="sun.jnu.encoding" value="Cp1252"/>
    <property name="java.library.path" value="C:\Program Files (x86)\Java\jdk1.8.0_71\bin;C:\Windows\Sun\Java\bin;C:\Windows\system32;C:\Windows;C:/Program Files (x86)/Java/jdk1.8.0_71/bin/../jre/bin/client;C:/Program Files (x86)/Java/jdk1.8.0_71/bin/../jre/bin;C:/Program Files (x86)/Java/jdk1.8.0_71/bin/../jre/lib/i386;C:\Program Files (x86)\Java\jdk1.8.0_71\bin;C:\ProgramData\Oracle\Java\javapath;C:\Windows\system32;C:\Windows;C:\Windows\System32\Wbem;C:\Windows\System32\WindowsPowerShell\v1.0\;C:\Program Files (x86)\Git\cmd;C:\Users\ahmar.akhtar.sharif\AppData\Local\Microsoft\WindowsApps;;C:\Users\ahmar.akhtar.sharif\Downloads\eclipse_32\eclipse;;."/>
    <property name="java.specification.name" value="Java Platform API Specification"/>
    <property name="java.class.version" value="52.0"/>
    <property name="sun.management.compiler" value="HotSpot Client Compiler"/>
    <property name="os.version" value="10.0"/>
    <property name="user.home" value="C:\Users\ahmar.akhtar.sharif"/>
    <property name="user.timezone" value="Asia/Calcutta"/>
    <property name="java.awt.printerjob" value="sun.awt.windows.WPrinterJob"/>
    <property name="java.specification.version" value="1.8"/>
    <property name="file.encoding" value="Cp1252"/>
    <property name="user.name" value="ahmar.akhtar.sharif"/>
    <property name="java.class.path" value="/C:/Users/ahmar.akhtar.sharif/Downloads/eclipse_32/eclipse/plugins/org.eclipse.m2e.maven.runtime_1.5.1.20150109-1819/jars/plexus-classworlds-2.5.1.jar"/>
    <property name="org.slf4j.simpleLogger.defaultLogLevel" value="info"/>
    <property name="java.vm.specification.version" value="1.8"/>
    <property name="sun.arch.data.model" value="32"/>
    <property name="java.home" value="C:\Program Files (x86)\Java\jdk1.8.0_71\jre"/>
    <property name="sun.java.command" value="org.codehaus.plexus.classworlds.launcher.Launcher -B clean install spring-boot:run"/>
    <property name="java.specification.vendor" value="Oracle Corporation"/>
    <property name="user.language" value="en"/>
    <property name="awt.toolkit" value="sun.awt.windows.WToolkit"/>
    <property name="java.vm.info" value="mixed mode"/>
    <property name="java.version" value="1.8.0_71"/>
    <property name="java.ext.dirs" value="C:\Program Files (x86)\Java\jdk1.8.0_71\jre\lib\ext;C:\Windows\Sun\Java\lib\ext"/>
    <property name="sun.boot.class.path" value="C:\Program Files (x86)\Java\jdk1.8.0_71\jre\lib\resources.jar;C:\Program Files (x86)\Java\jdk1.8.0_71\jre\lib\rt.jar;C:\Program Files (x86)\Java\jdk1.8.0_71\jre\lib\sunrsasign.jar;C:\Program Files (x86)\Java\jdk1.8.0_71\jre\lib\jsse.jar;C:\Program Files (x86)\Java\jdk1.8.0_71\jre\lib\jce.jar;C:\Program Files (x86)\Java\jdk1.8.0_71\jre\lib\charsets.jar;C:\Program Files (x86)\Java\jdk1.8.0_71\jre\lib\jfr.jar;C:\Program Files (x86)\Java\jdk1.8.0_71\jre\classes"/>
    <property name="java.vendor" value="Oracle Corporation"/>
    <property name="maven.home" value="C:\Users\ahmar.akhtar.sharif\Desktop\workspace-practice-4\MicroService\EMBEDDED"/>
    <property name="file.separator" value="\"/>
    <property name="java.vendor.url.bug" value="http://bugreport.sun.com/bugreport/"/>
    <property name="sun.cpu.endian" value="little"/>
    <property name="sun.io.unicode.encoding" value="UnicodeLittle"/>
    <property name="sun.desktop" value="windows"/>
    <property name="sun.cpu.isalist" value="pentium_pro+mmx pentium_pro pentium+mmx pentium i486 i386 i86"/>
  </properties>
  <testcase name="testAddUser" classname="com.acc.testcases.ControllerMockMVCTest" time="0">
    <skipped/>
    <system-out><![CDATA[18:23:59.252 [main] DEBUG org.springframework.test.context.junit4.SpringJUnit4ClassRunner - SpringJUnit4ClassRunner constructor called with [class com.acc.testcases.ControllerMockMVCTest]
18:23:59.289 [main] DEBUG org.springframework.test.context.BootstrapUtils - Instantiating CacheAwareContextLoaderDelegate from class [org.springframework.test.context.cache.DefaultCacheAwareContextLoaderDelegate]
18:23:59.320 [main] DEBUG org.springframework.test.context.BootstrapUtils - Instantiating BootstrapContext using constructor [public org.springframework.test.context.support.DefaultBootstrapContext(java.lang.Class,org.springframework.test.context.CacheAwareContextLoaderDelegate)]
18:23:59.359 [main] DEBUG org.springframework.test.context.BootstrapUtils - Instantiating TestContextBootstrapper for test class [com.acc.testcases.ControllerMockMVCTest] from class [org.springframework.boot.test.context.SpringBootTestContextBootstrapper]
18:23:59.385 [main] INFO org.springframework.boot.test.context.SpringBootTestContextBootstrapper - Neither @ContextConfiguration nor @ContextHierarchy found for test class [com.acc.testcases.ControllerMockMVCTest], using SpringBootContextLoader
18:23:59.385 [main] DEBUG org.springframework.test.context.support.AbstractContextLoader - Did not detect default resource location for test class [com.acc.testcases.ControllerMockMVCTest]: class path resource [com/acc/testcases/ControllerMockMVCTest-context.xml] does not exist
18:23:59.385 [main] DEBUG org.springframework.test.context.support.AbstractContextLoader - Did not detect default resource location for test class [com.acc.testcases.ControllerMockMVCTest]: class path resource [com/acc/testcases/ControllerMockMVCTestContext.groovy] does not exist
18:23:59.385 [main] INFO org.springframework.test.context.support.AbstractContextLoader - Could not detect default resource locations for test class [com.acc.testcases.ControllerMockMVCTest]: no resource found for suffixes {-context.xml, Context.groovy}.
18:23:59.458 [main] DEBUG org.springframework.test.context.support.ActiveProfilesUtils - Could not find an 'annotation declaring class' for annotation type [org.springframework.test.context.ActiveProfiles] and class [com.acc.testcases.ControllerMockMVCTest]
18:23:59.486 [main] DEBUG org.springframework.boot.test.context.SpringBootTestContextBootstrapper - @TestExecutionListeners is not present for class [com.acc.testcases.ControllerMockMVCTest]: using defaults.
18:23:59.486 [main] INFO org.springframework.boot.test.context.SpringBootTestContextBootstrapper - Loaded default TestExecutionListener class names from location [META-INF/spring.factories]: [org.springframework.boot.test.mock.mockito.MockitoTestExecutionListener, org.springframework.boot.test.mock.mockito.ResetMocksTestExecutionListener, org.springframework.boot.test.autoconfigure.restdocs.RestDocsTestExecutionListener, org.springframework.boot.test.autoconfigure.web.client.MockRestServiceServerResetTestExecutionListener, org.springframework.boot.test.autoconfigure.web.servlet.MockMvcPrintOnlyOnFailureTestExecutionListener, org.springframework.boot.test.autoconfigure.web.servlet.WebDriverTestExecutionListener, org.springframework.test.context.web.ServletTestExecutionListener, org.springframework.test.context.support.DirtiesContextBeforeModesTestExecutionListener, org.springframework.test.context.support.DependencyInjectionTestExecutionListener, org.springframework.test.context.support.DirtiesContextTestExecutionListener, org.springframework.test.context.transaction.TransactionalTestExecutionListener, org.springframework.test.context.jdbc.SqlScriptsTestExecutionListener]
18:23:59.518 [main] INFO org.springframework.boot.test.context.SpringBootTestContextBootstrapper - Using TestExecutionListeners: [org.springframework.test.context.web.ServletTestExecutionListener@1de5c8c, org.springframework.test.context.support.DirtiesContextBeforeModesTestExecutionListener@123a213, org.springframework.boot.test.autoconfigure.SpringBootDependencyInjectionTestExecutionListener@525845, org.springframework.test.context.support.DirtiesContextTestExecutionListener@194d659, org.springframework.test.context.transaction.TransactionalTestExecutionListener@b1d79b, org.springframework.test.context.jdbc.SqlScriptsTestExecutionListener@ceda24, org.springframework.boot.test.autoconfigure.web.client.MockRestServiceServerResetTestExecutionListener@1e3708, org.springframework.boot.test.mock.mockito.MockitoTestExecutionListener@1a50a4c, org.springframework.boot.test.autoconfigure.restdocs.RestDocsTestExecutionListener@1021e6c, org.springframework.boot.test.autoconfigure.web.servlet.WebDriverTestExecutionListener@103f852, org.springframework.boot.test.autoconfigure.web.servlet.MockMvcPrintOnlyOnFailureTestExecutionListener@7c290d, org.springframework.boot.test.mock.mockito.ResetMocksTestExecutionListener@116af24]
18:23:59.521 [main] DEBUG org.springframework.test.annotation.ProfileValueUtils - Retrieved @ProfileValueSourceConfiguration [null] for test class [com.acc.testcases.ControllerMockMVCTest]
18:23:59.522 [main] DEBUG org.springframework.test.annotation.ProfileValueUtils - Retrieved ProfileValueSource type [class org.springframework.test.annotation.SystemProfileValueSource] for class [com.acc.testcases.ControllerMockMVCTest]
18:23:59.526 [main] DEBUG org.springframework.test.context.junit4.SpringJUnit4ClassRunner - SpringJUnit4ClassRunner constructor called with [class com.acc.testcases.ControllerMockMVCTest]
18:23:59.527 [main] DEBUG org.springframework.test.context.BootstrapUtils - Instantiating CacheAwareContextLoaderDelegate from class [org.springframework.test.context.cache.DefaultCacheAwareContextLoaderDelegate]
18:23:59.527 [main] DEBUG org.springframework.test.context.BootstrapUtils - Instantiating BootstrapContext using constructor [public org.springframework.test.context.support.DefaultBootstrapContext(java.lang.Class,org.springframework.test.context.CacheAwareContextLoaderDelegate)]
18:23:59.527 [main] DEBUG org.springframework.test.context.BootstrapUtils - Instantiating TestContextBootstrapper for test class [com.acc.testcases.ControllerMockMVCTest] from class [org.springframework.boot.test.context.SpringBootTestContextBootstrapper]
18:23:59.528 [main] INFO org.springframework.boot.test.context.SpringBootTestContextBootstrapper - Neither @ContextConfiguration nor @ContextHierarchy found for test class [com.acc.testcases.ControllerMockMVCTest], using SpringBootContextLoader
18:23:59.529 [main] DEBUG org.springframework.test.context.support.AbstractContextLoader - Did not detect default resource location for test class [com.acc.testcases.ControllerMockMVCTest]: class path resource [com/acc/testcases/ControllerMockMVCTest-context.xml] does not exist
18:23:59.529 [main] DEBUG org.springframework.test.context.support.AbstractContextLoader - Did not detect default resource location for test class [com.acc.testcases.ControllerMockMVCTest]: class path resource [com/acc/testcases/ControllerMockMVCTestContext.groovy] does not exist
18:23:59.529 [main] INFO org.springframework.test.context.support.AbstractContextLoader - Could not detect default resource locations for test class [com.acc.testcases.ControllerMockMVCTest]: no resource found for suffixes {-context.xml, Context.groovy}.
18:23:59.533 [main] DEBUG org.springframework.test.context.support.ActiveProfilesUtils - Could not find an 'annotation declaring class' for annotation type [org.springframework.test.context.ActiveProfiles] and class [com.acc.testcases.ControllerMockMVCTest]
18:23:59.533 [main] DEBUG org.springframework.boot.test.context.SpringBootTestContextBootstrapper - @TestExecutionListeners is not present for class [com.acc.testcases.ControllerMockMVCTest]: using defaults.
18:23:59.533 [main] INFO org.springframework.boot.test.context.SpringBootTestContextBootstrapper - Loaded default TestExecutionListener class names from location [META-INF/spring.factories]: [org.springframework.boot.test.mock.mockito.MockitoTestExecutionListener, org.springframework.boot.test.mock.mockito.ResetMocksTestExecutionListener, org.springframework.boot.test.autoconfigure.restdocs.RestDocsTestExecutionListener, org.springframework.boot.test.autoconfigure.web.client.MockRestServiceServerResetTestExecutionListener, org.springframework.boot.test.autoconfigure.web.servlet.MockMvcPrintOnlyOnFailureTestExecutionListener, org.springframework.boot.test.autoconfigure.web.servlet.WebDriverTestExecutionListener, org.springframework.test.context.web.ServletTestExecutionListener, org.springframework.test.context.support.DirtiesContextBeforeModesTestExecutionListener, org.springframework.test.context.support.DependencyInjectionTestExecutionListener, org.springframework.test.context.support.DirtiesContextTestExecutionListener, org.springframework.test.context.transaction.TransactionalTestExecutionListener, org.springframework.test.context.jdbc.SqlScriptsTestExecutionListener]
18:23:59.533 [main] INFO org.springframework.boot.test.context.SpringBootTestContextBootstrapper - Using TestExecutionListeners: [org.springframework.test.context.web.ServletTestExecutionListener@dd8682, org.springframework.test.context.support.DirtiesContextBeforeModesTestExecutionListener@16da883, org.springframework.boot.test.autoconfigure.SpringBootDependencyInjectionTestExecutionListener@1afc369, org.springframework.test.context.support.DirtiesContextTestExecutionListener@19d4f69, org.springframework.test.context.transaction.TransactionalTestExecutionListener@1c43f4e, org.springframework.test.context.jdbc.SqlScriptsTestExecutionListener@10dbf45, org.springframework.boot.test.autoconfigure.web.client.MockRestServiceServerResetTestExecutionListener@28586, org.springframework.boot.test.mock.mockito.MockitoTestExecutionListener@17776a8, org.springframework.boot.test.autoconfigure.restdocs.RestDocsTestExecutionListener@1a10787, org.springframework.boot.test.autoconfigure.web.servlet.WebDriverTestExecutionListener@1127a61, org.springframework.boot.test.autoconfigure.web.servlet.MockMvcPrintOnlyOnFailureTestExecutionListener@1baf4f0, org.springframework.boot.test.mock.mockito.ResetMocksTestExecutionListener@1c20519]
18:23:59.533 [main] DEBUG org.springframework.test.annotation.ProfileValueUtils - Retrieved @ProfileValueSourceConfiguration [null] for test class [com.acc.testcases.ControllerMockMVCTest]
18:23:59.533 [main] DEBUG org.springframework.test.annotation.ProfileValueUtils - Retrieved ProfileValueSource type [class org.springframework.test.annotation.SystemProfileValueSource] for class [com.acc.testcases.ControllerMockMVCTest]
18:23:59.533 [main] DEBUG org.springframework.test.annotation.ProfileValueUtils - Retrieved @ProfileValueSourceConfiguration [null] for test class [com.acc.testcases.ControllerMockMVCTest]
18:23:59.533 [main] DEBUG org.springframework.test.annotation.ProfileValueUtils - Retrieved ProfileValueSource type [class org.springframework.test.annotation.SystemProfileValueSource] for class [com.acc.testcases.ControllerMockMVCTest]
]]></system-out>
  </testcase>
  <testcase name="testLogin" classname="com.acc.testcases.ControllerMockMVCTest" time="0">
    <skipped/>
  </testcase>
  <testcase name="testGetAllUsers" classname="com.acc.testcases.ControllerMockMVCTest" time="0">
    <skipped/>
  </testcase>
  <testcase name="testUpdateUser" classname="com.acc.testcases.ControllerMockMVCTest" time="0">
    <skipped/>
  </testcase>
  <testcase name="testCancelMeeting" classname="com.acc.testcases.ControllerMockMVCTest" time="0">
    <skipped/>
  </testcase>
  <testcase name="testDeleteUser" classname="com.acc.testcases.ControllerMockMVCTest" time="0">
    <skipped/>
  </testcase>
  <testcase name="testUpdateMeeting" classname="com.acc.testcases.ControllerMockMVCTest" time="0">
    <skipped/>
  </testcase>
  <testcase name="testGetPincodeById" classname="com.acc.testcases.ControllerMockMVCTest" time="0">
    <skipped/>
  </testcase>
  <testcase name="testAddMeeting" classname="com.acc.testcases.ControllerMockMVCTest" time="0">
    <skipped/>
  </testcase>
</testsuite>